<?xml version="1.0" encoding="UTF-8"?>
<testsuite xmlns:xsi="http://www.w3.org/2001/XMLSchema-instance" xsi:noNamespaceSchemaLocation="https://maven.apache.org/surefire/maven-surefire-plugin/xsd/surefire-test-report-3.0.xsd" version="3.0" name="com.example.bookedUp.BookedUpApplicationTests" time="3.616" tests="1" errors="0" skipped="0" failures="0">
  <properties>
[...]
</properties>
  <testcase name="contextLoads" classname="com.example.bookedUp.BookedUpApplicationTests" time="0.383">
    <system-out><![CDATA[13:23:07.353 [main] INFO org.springframework.test.context.support.AnnotationConfigContextLoaderUtils -- Could not detect default configuration classes for test class [com.example.bookedUp.BookedUpApplicationTests]: BookedUpApplicationTests does not declare any static, non-private, non-final, nested classes annotated with @Configuration.
13:23:07.404 [main] INFO org.springframework.boot.test.context.SpringBootTestContextBootstrapper -- Found @SpringBootConfiguration com.example.bookedUp.BookedUpApplication for test class com.example.bookedUp.BookedUpApplicationTests

  .   ____          _            __ _ _
 /\\ / ___'_ __ _ _(_)_ __  __ _ \ \ \ \
( ( )\___ | '_ | '_| | '_ \/ _` | \ \ \ \
 \\/  ___)| |_)| | | | | || (_| |  ) ) ) )
  '  |____| .__|_| |_|_| |_\__, | / / / /
 =========|_|==============|___/=/_/_/_/
&amp#27;[32m :: Spring Boot :: &amp#27;[39m              &amp#27;[2m (v3.2.3)&amp#27;[0;39m

&amp#27;[2m2025-05-01T13:23:07.582+03:00&amp#27;[0;39m &amp#27;[32m INFO&amp#27;[0;39m &amp#27;[35m53089&amp#27;[0;39m &amp#27;[2m---&amp#27;[0;39m &amp#27;[2m[           main]&amp#27;[0;39m &amp#27;[2m&amp#27;[0;39m&amp#27;[36mc.e.bookedUp.BookedUpApplicationTests   &amp#27;[0;39m &amp#27;[2m:&amp#27;[0;39m Starting BookedUpApplicationTests using Java 23.0.2 with PID 53089 (started by onur in /Users/onur/Desktop/untitled/BookedUp)
&amp#27;[2m2025-05-01T13:23:07.583+03:00&amp#27;[0;39m &amp#27;[32m INFO&amp#27;[0;39m &amp#27;[35m53089&amp#27;[0;39m &amp#27;[2m---&amp#27;[0;39m &amp#27;[2m[           main]&amp#27;[0;39m &amp#27;[2m&amp#27;[0;39m&amp#27;[36mc.e.bookedUp.BookedUpApplicationTests   &amp#27;[0;39m &amp#27;[2m:&amp#27;[0;39m No active profile set, falling back to 1 default profile: "default"
&amp#27;[2m2025-05-01T13:23:08.145+03:00&amp#27;[0;39m &amp#27;[32m INFO&amp#27;[0;39m &amp#27;[35m53089&amp#27;[0;39m &amp#27;[2m---&amp#27;[0;39m &amp#27;[2m[           main]&amp#27;[0;39m &amp#27;[2m&amp#27;[0;39m&amp#27;[36m.s.d.r.c.RepositoryConfigurationDelegate&amp#27;[0;39m &amp#27;[2m:&amp#27;[0;39m Bootstrapping Spring Data JPA repositories in DEFAULT mode.
&amp#27;[2m2025-05-01T13:23:08.204+03:00&amp#27;[0;39m &amp#27;[32m INFO&amp#27;[0;39m &amp#27;[35m53089&amp#27;[0;39m &amp#27;[2m---&amp#27;[0;39m &amp#27;[2m[           main]&amp#27;[0;39m &amp#27;[2m&amp#27;[0;39m&amp#27;[36m.s.d.r.c.RepositoryConfigurationDelegate&amp#27;[0;39m &amp#27;[2m:&amp#27;[0;39m Finished Spring Data repository scanning in 52 ms. Found 3 JPA repository interfaces.
&amp#27;[2m2025-05-01T13:23:08.557+03:00&amp#27;[0;39m &amp#27;[32m INFO&amp#27;[0;39m &amp#27;[35m53089&amp#27;[0;39m &amp#27;[2m---&amp#27;[0;39m &amp#27;[2m[           main]&amp#27;[0;39m &amp#27;[2m&amp#27;[0;39m&amp#27;[36mo.hibernate.jpa.internal.util.LogHelper &amp#27;[0;39m &amp#27;[2m:&amp#27;[0;39m HHH000204: Processing PersistenceUnitInfo [name: default]
&amp#27;[2m2025-05-01T13:23:08.628+03:00&amp#27;[0;39m &amp#27;[32m INFO&amp#27;[0;39m &amp#27;[35m53089&amp#27;[0;39m &amp#27;[2m---&amp#27;[0;39m &amp#27;[2m[           main]&amp#27;[0;39m &amp#27;[2m&amp#27;[0;39m&amp#27;[36morg.hibernate.Version                   &amp#27;[0;39m &amp#27;[2m:&amp#27;[0;39m HHH000412: Hibernate ORM core version 6.4.4.Final
&amp#27;[2m2025-05-01T13:23:08.649+03:00&amp#27;[0;39m &amp#27;[32m INFO&amp#27;[0;39m &amp#27;[35m53089&amp#27;[0;39m &amp#27;[2m---&amp#27;[0;39m &amp#27;[2m[           main]&amp#27;[0;39m &amp#27;[2m&amp#27;[0;39m&amp#27;[36mo.h.c.internal.RegionFactoryInitiator   &amp#27;[0;39m &amp#27;[2m:&amp#27;[0;39m HHH000026: Second-level cache disabled
&amp#27;[2m2025-05-01T13:23:08.783+03:00&amp#27;[0;39m &amp#27;[32m INFO&amp#27;[0;39m &amp#27;[35m53089&amp#27;[0;39m &amp#27;[2m---&amp#27;[0;39m &amp#27;[2m[           main]&amp#27;[0;39m &amp#27;[2m&amp#27;[0;39m&amp#27;[36mo.s.o.j.p.SpringPersistenceUnitInfo     &amp#27;[0;39m &amp#27;[2m:&amp#27;[0;39m No LoadTimeWeaver setup: ignoring JPA class transformer
&amp#27;[2m2025-05-01T13:23:08.818+03:00&amp#27;[0;39m &amp#27;[32m INFO&amp#27;[0;39m &amp#27;[35m53089&amp#27;[0;39m &amp#27;[2m---&amp#27;[0;39m &amp#27;[2m[           main]&amp#27;[0;39m &amp#27;[2m&amp#27;[0;39m&amp#27;[36mcom.zaxxer.hikari.HikariDataSource      &amp#27;[0;39m &amp#27;[2m:&amp#27;[0;39m HikariPool-1 - Starting...
&amp#27;[2m2025-05-01T13:23:08.966+03:00&amp#27;[0;39m &amp#27;[32m INFO&amp#27;[0;39m &amp#27;[35m53089&amp#27;[0;39m &amp#27;[2m---&amp#27;[0;39m &amp#27;[2m[           main]&amp#27;[0;39m &amp#27;[2m&amp#27;[0;39m&amp#27;[36mcom.zaxxer.hikari.pool.HikariPool       &amp#27;[0;39m &amp#27;[2m:&amp#27;[0;39m HikariPool-1 - Added connection conn0: url=jdbc:h2:file:./bookupdb user=SA
&amp#27;[2m2025-05-01T13:23:08.967+03:00&amp#27;[0;39m &amp#27;[32m INFO&amp#27;[0;39m &amp#27;[35m53089&amp#27;[0;39m &amp#27;[2m---&amp#27;[0;39m &amp#27;[2m[           main]&amp#27;[0;39m &amp#27;[2m&amp#27;[0;39m&amp#27;[36mcom.zaxxer.hikari.HikariDataSource      &amp#27;[0;39m &amp#27;[2m:&amp#27;[0;39m HikariPool-1 - Start completed.
&amp#27;[2m2025-05-01T13:23:09.003+03:00&amp#27;[0;39m &amp#27;[33m WARN&amp#27;[0;39m &amp#27;[35m53089&amp#27;[0;39m &amp#27;[2m---&amp#27;[0;39m &amp#27;[2m[           main]&amp#27;[0;39m &amp#27;[2m&amp#27;[0;39m&amp#27;[36morg.hibernate.orm.deprecation           &amp#27;[0;39m &amp#27;[2m:&amp#27;[0;39m HHH90000025: H2Dialect does not need to be specified explicitly using 'hibernate.dialect' (remove the property setting and it will be selected by default)
&amp#27;[2m2025-05-01T13:23:09.859+03:00&amp#27;[0;39m &amp#27;[32m INFO&amp#27;[0;39m &amp#27;[35m53089&amp#27;[0;39m &amp#27;[2m---&amp#27;[0;39m &amp#27;[2m[           main]&amp#27;[0;39m &amp#27;[2m&amp#27;[0;39m&amp#27;[36mo.h.e.t.j.p.i.JtaPlatformInitiator      &amp#27;[0;39m &amp#27;[2m:&amp#27;[0;39m HHH000489: No JTA platform available (set 'hibernate.transaction.jta.platform' to enable JTA platform integration)
Hibernate: 
    drop table if exists admins cascade 
Hibernate: 
    drop table if exists apartments cascade 
Hibernate: 
    drop table if exists guests cascade 
Hibernate: 
    drop table if exists hostels cascade 
Hibernate: 
    drop table if exists hosts cascade 
Hibernate: 
    drop table if exists properties cascade 
Hibernate: 
    drop table if exists property_images cascade 
Hibernate: 
    drop table if exists reservations cascade 
Hibernate: 
    drop table if exists roles cascade 
Hibernate: 
    drop table if exists user_roles cascade 
Hibernate: 
    drop table if exists users cascade 
Hibernate: 
    drop table if exists villas cascade 
Hibernate: 
    create table admins (
        id bigint not null,
        phone_number varchar(255),
        primary key (id)
    )
Hibernate: 
    create table apartments (
        floor_number integer,
        has_elevator boolean,
        id bigint not null,
        apartment_number varchar(255),
        primary key (id)
    )
Hibernate: 
    create table guests (
        id bigint not null,
        default_address varchar(255),
        phone_number varchar(255),
        primary key (id)
    )
Hibernate: 
    create table hostels (
        has_common_kitchen boolean,
        has_common_living_room boolean,
        total_rooms integer,
        id bigint not null,
        primary key (id)
    )
Hibernate: 
    create table hosts (
        is_available boolean,
        id bigint not null,
        address varchar(255),
        bank_account varchar(255),
        phone_number varchar(255),
        primary key (id)
    )
Hibernate: 
    create table properties (
        bathrooms integer not null,
        bedrooms integer not null,
        is_available boolean not null,
        max_guests integer not null,
        price_per_night numeric(38,2) not null,
        host_id bigint not null,
        id bigint generated by default as identity,
        address varchar(255) not null,
        description varchar(255) not null,
        title varchar(255) not null,
        primary key (id)
    )
Hibernate: 
    create table property_images (
        id bigint generated by default as identity,
        property_id bigint not null,
        image_url varchar(255) not null,
        primary key (id)
    )
Hibernate: 
    create table reservations (
        check_in_date date not null,
        check_out_date date not null,
        number_of_guests integer not null,
        total_price numeric(38,2) not null,
        guest_id bigint not null,
        id bigint generated by default as identity,
        property_id bigint not null,
        special_requests varchar(255),
        status varchar(255) not null,
        primary key (id)
    )
Hibernate: 
    create table roles (
        id bigint generated by default as identity,
        name varchar(255) not null unique check (name in ('GUEST','HOST','ADMIN')),
        primary key (id)
    )
Hibernate: 
    create table user_roles (
        role_id bigint not null,
        user_id bigint not null,
        primary key (role_id, user_id)
    )
Hibernate: 
    create table users (
        enabled boolean not null,
        created_at timestamp(6),
        id bigint generated by default as identity,
        email varchar(255) not null unique,
        first_name varchar(255) not null,
        last_name varchar(255) not null,
        password varchar(255) not null,
        primary key (id)
    )
Hibernate: 
    create table villas (
        has_garden boolean,
        has_pool boolean,
        total_land_area float(53),
        id bigint not null,
        primary key (id)
    )
Hibernate: 
    alter table if exists admins 
       add constraint FKanhsicqm3lc8ya77tr7r0je18 
       foreign key (id) 
       references users
Hibernate: 
    alter table if exists apartments 
       add constraint FKc3yrm5lq5wbx0ld8xk133ekhy 
       foreign key (id) 
       references properties
Hibernate: 
    alter table if exists guests 
       add constraint FKmy47qot2ypsqe2jsvsmoyfds8 
       foreign key (id) 
       references users
Hibernate: 
    alter table if exists hostels 
       add constraint FK4s5a9dq39pv7qu8o2466y6r7p 
       foreign key (id) 
       references properties
Hibernate: 
    alter table if exists hosts 
       add constraint FKcjgavd8ae33prl0axegqhlu6s 
       foreign key (id) 
       references users
Hibernate: 
    alter table if exists properties 
       add constraint FK3il07517awg1641vw7w04a77g 
       foreign key (host_id) 
       references hosts
Hibernate: 
    alter table if exists property_images 
       add constraint FKemw5i1cysiorfaxfba7tgtpiu 
       foreign key (property_id) 
       references properties
Hibernate: 
    alter table if exists reservations 
       add constraint FKa0e6sbbuw25f8cwciqaune89n 
       foreign key (guest_id) 
       references guests
Hibernate: 
    alter table if exists reservations 
       add constraint FKo0x0js5gs43o4bj3aeq6ba62l 
       foreign key (property_id) 
       references properties
Hibernate: 
    alter table if exists user_roles 
       add constraint FKh8ciramu9cc9q3qcqiv4ue8a6 
       foreign key (role_id) 
       references roles
Hibernate: 
    alter table if exists user_roles 
       add constraint FKhfh9dx7w3ubf1co1vdev94g3f 
       foreign key (user_id) 
       references users
Hibernate: 
    alter table if exists villas 
       add constraint FK1s2wd99bhi96jvvbrfi4ow4m0 
       foreign key (id) 
       references properties
&amp#27;[2m2025-05-01T13:23:09.900+03:00&amp#27;[0;39m &amp#27;[32m INFO&amp#27;[0;39m &amp#27;[35m53089&amp#27;[0;39m &amp#27;[2m---&amp#27;[0;39m &amp#27;[2m[           main]&amp#27;[0;39m &amp#27;[2m&amp#27;[0;39m&amp#27;[36mj.LocalContainerEntityManagerFactoryBean&amp#27;[0;39m &amp#27;[2m:&amp#27;[0;39m Initialized JPA EntityManagerFactory for persistence unit 'default'
&amp#27;[2m2025-05-01T13:23:10.287+03:00&amp#27;[0;39m &amp#27;[33m WARN&amp#27;[0;39m &amp#27;[35m53089&amp#27;[0;39m &amp#27;[2m---&amp#27;[0;39m &amp#27;[2m[           main]&amp#27;[0;39m &amp#27;[2m&amp#27;[0;39m&amp#27;[36mJpaBaseConfiguration$JpaWebConfiguration&amp#27;[0;39m &amp#27;[2m:&amp#27;[0;39m spring.jpa.open-in-view is enabled by default. Therefore, database queries may be performed during view rendering. Explicitly configure spring.jpa.open-in-view to disable this warning
&amp#27;[2m2025-05-01T13:23:10.450+03:00&amp#27;[0;39m &amp#27;[32m INFO&amp#27;[0;39m &amp#27;[35m53089&amp#27;[0;39m &amp#27;[2m---&amp#27;[0;39m &amp#27;[2m[           main]&amp#27;[0;39m &amp#27;[2m&amp#27;[0;39m&amp#27;[36mo.s.b.a.h2.H2ConsoleAutoConfiguration   &amp#27;[0;39m &amp#27;[2m:&amp#27;[0;39m H2 console available at '/h2-console'. Database available at 'jdbc:h2:file:./bookupdb'
&amp#27;[2m2025-05-01T13:23:10.473+03:00&amp#27;[0;39m &amp#27;[32m INFO&amp#27;[0;39m &amp#27;[35m53089&amp#27;[0;39m &amp#27;[2m---&amp#27;[0;39m &amp#27;[2m[           main]&amp#27;[0;39m &amp#27;[2m&amp#27;[0;39m&amp#27;[36mc.e.bookedUp.BookedUpApplicationTests   &amp#27;[0;39m &amp#27;[2m:&amp#27;[0;39m Started BookedUpApplicationTests in 2.991 seconds (process running for 3.498)
]]></system-out>
    <system-err><![CDATA[WARNING: A Java agent has been loaded dynamically (/Users/onur/.m2/repository/net/bytebuddy/byte-buddy-agent/1.14.12/byte-buddy-agent-1.14.12.jar)
WARNING: If a serviceability tool is in use, please run with -XX:+EnableDynamicAgentLoading to hide this warning
WARNING: If a serviceability tool is not in use, please run with -Djdk.instrument.traceUsage for more information
WARNING: Dynamic loading of agents will be disallowed by default in a future release
]]></system-err>
  </testcase>
</testsuite>